<?xml version="1.0" encoding="UTF-8"?>
<!-- Generated by org.testng.reporters.JUnitReportReporter -->
<testsuite hostname="SWLL124" name="com.qa.tests.HomePageTest" tests="1" failures="0" timestamp="1 Jan 2020 17:31:52 GMT" time="66.469" errors="0">
  <testcase name="RunAllTests" time="66.469" classname="com.qa.tests.HomePageTest"/>
</testsuite> <!-- com.qa.tests.HomePageTest -->
