<?xml version="1.0" encoding="UTF-8"?>
<!-- Generated by org.testng.reporters.JUnitReportReporter -->
<testsuite hostname="SWLL124" name="com.qa.tests.HomePageTest" tests="1" failures="0" timestamp="6 Jan 2020 14:10:58 GMT" time="83.708" errors="0">
  <testcase name="RunAllTests" time="83.708" classname="com.qa.tests.HomePageTest"/>
</testsuite> <!-- com.qa.tests.HomePageTest -->
