<?xml version="1.0" encoding="UTF-8"?>
<!-- Generated by org.testng.reporters.JUnitReportReporter -->
<testsuite hostname="SWLL124" name="com.qa.tests.NewTest" tests="1" failures="0" timestamp="30 Dec 2019 11:38:31 GMT" time="20.894" errors="0">
  <testcase name="testSenchaLogin" time="20.894" classname="com.qa.tests.NewTest"/>
</testsuite> <!-- com.qa.tests.NewTest -->
