<?xml version="1.0" encoding="UTF-8"?>
<!-- Generated by org.testng.reporters.JUnitReportReporter -->
<testsuite hostname="SWLL124" name="com.qa.tests.HomePageTest" tests="1" failures="0" timestamp="5 Jan 2020 07:15:53 GMT" time="108.608" errors="0">
  <testcase name="RunAllTests" time="108.608" classname="com.qa.tests.HomePageTest"/>
</testsuite> <!-- com.qa.tests.HomePageTest -->
